time="2021-10-27 14:18:06" level=info msg="sql/home/qidian/go/src/goflykefuxitong/models/configs.go:2142.024421msSELECT * FROM `config`  [] 13"
time="2021-10-27 14:18:13" level=info msg="sql/home/qidian/go/src/goflykefuxitong/models/configs.go:211.102462msSELECT * FROM `config`  [] 13"
time="2021-10-27 14:18:13" level=info msg="start server...\r\ngo：http://0.0.0.0:8081"
time="2021-10-27 14:18:13" level=info msg="sql/home/qidian/go/src/goflykefuxitong/models/visitors.go:6430.959802msSELECT * FROM `visitor`  WHERE `visitor`.`deleted_at` IS NULL AND ((status = ?))[1] 0"
time="2021-10-27 14:18:31" level=info msg="| 302 |     274.078µs | 192.168.110.171 | GET | / |"
time="2021-10-27 14:18:31" level=info msg="sql/home/qidian/go/src/goflykefuxitong/models/abouts.go:3415.376868msSELECT css_js,title_en,keywords_en,desc_en,html_en FROM `about`  WHERE (page = ?) ORDER BY `about`.`id` ASC LIMIT 1[index] 1"
time="2021-10-27 14:18:31" level=info msg="| 200 |   15.688224ms | 192.168.110.171 | GET | /index_en |"
time="2021-10-27 14:18:31" level=info msg="| 404 |          59ns | 192.168.110.171 | GET | /favicon.ico |"
time="2021-10-27 14:18:31" level=info msg="sql/home/qidian/go/src/goflykefuxitong/models/welcomes.go:499.768086msSELECT * FROM `welcome`  WHERE (user_id = ? and keyword=?)[kefu2 welcome] 2"
time="2021-10-27 14:18:31" level=info msg="sql/home/qidian/go/src/goflykefuxitong/models/users.go:575.392679msSELECT * FROM `user`  WHERE `user`.`deleted_at` IS NULL AND ((name = ?)) ORDER BY `user`.`id` ASC LIMIT 1[kefu2] 1"
time="2021-10-27 14:18:31" level=info msg="| 200 |   32.525442ms | 192.168.110.171 | GET | /notice?kefu_id=kefu2 |"
time="2021-10-27 14:18:31" level=info msg="| 200 |     653.136µs | 192.168.110.171 | GET | /chatIndex?kefu_id=kefu2&lang=en&refer=about.title_en&extra=eyJyZWZlciI6IuaXoCIsImhvc3QiOiJodHRwOi8vMTkyLjE2OC4xMTAuMTAwOjgwODEvaW5kZXhfZW4ifQ== |"
time="2021-10-27 14:18:31" level=info msg="sql/home/qidian/go/src/goflykefuxitong/models/welcomes.go:492.987871msSELECT * FROM `welcome`  WHERE (user_id = ? and keyword=?)[kefu2 welcome] 2"
time="2021-10-27 14:18:31" level=info msg="sql/home/qidian/go/src/goflykefuxitong/models/ipblacks.go:264.45329msSELECT * FROM `ipblack`  WHERE (ip = ?) ORDER BY `ipblack`.`id` ASC LIMIT 1[192.168.110.171] 0"
time="2021-10-27 14:18:31" level=info msg="sql/home/qidian/go/src/goflykefuxitong/models/users.go:571.315898msSELECT * FROM `user`  WHERE `user`.`deleted_at` IS NULL AND ((name = ?)) ORDER BY `user`.`id` ASC LIMIT 1[kefu2] 1"
time="2021-10-27 14:18:31" level=info msg="| 200 |    4.407456ms | 192.168.110.171 | GET | /notice?kefu_id=kefu2 |"
time="2021-10-27 14:18:31" level=info msg="sql/home/qidian/go/src/goflykefuxitong/models/replys.go:428.871723msSELECT * FROM `reply_group`  WHERE (user_id = ?)[kefu2] 1"
time="2021-10-27 14:18:31" level=info msg="sql/home/qidian/go/src/goflykefuxitong/models/replys.go:434.966309msSELECT item_name,group_id FROM `reply_item`  WHERE (user_id = ?)[kefu2] 1"
time="2021-10-27 14:18:31" level=info msg="| 200 |   13.917581ms | 192.168.110.171 | GET | /autoreply?kefu_id=kefu2 |"
time="2021-10-27 14:18:31" level=info msg="sql/home/qidian/go/src/goflykefuxitong/models/users.go:571.142476msSELECT * FROM `user`  WHERE `user`.`deleted_at` IS NULL AND ((name = ?)) ORDER BY `user`.`id` ASC LIMIT 1[kefu2] 1"
time="2021-10-27 14:18:31" level=info msg="sql/home/qidian/go/src/goflykefuxitong/models/visitors.go:392.638045msSELECT * FROM `visitor`  WHERE `visitor`.`deleted_at` IS NULL AND ((visitor_id = ?)) ORDER BY `visitor`.`id` ASC LIMIT 1[91490fd0-99bc-4eb6-865a-fce6297babcc] 1"
time="2021-10-27 14:18:31" level=info msg="sql/home/qidian/go/src/goflykefuxitong/models/visitors.go:821.578053msUPDATE `visitor` SET `avator` = ?, `client_ip` = ?, `extra` = ?, `name` = ?, `refer` = ?, `source_ip` = ?, `status` = ?, `updated_at` = ?  WHERE `visitor`.`deleted_at` IS NULL AND ((visitor_id = ?))[/static/images/12.jpg 192.168.110.171 eyJyZWZlciI6IuaXoCIsImhvc3QiOiJodHRwOi8vMTkyLjE2OC4xMTAuMTAwOjgwODEvaW5kZXhfZW4ifQ 局域网局域网网友 about.title_en 192.168.110.171 1 2021-10-27 14:18:31.498760774 +0800 CST m=+17.928479337 91490fd0-99bc-4eb6-865a-fce6297babcc] 1"
time="2021-10-27 14:18:31" level=info msg="| 200 |  108.585648ms | 192.168.110.171 | POST | /visitor_login |"
time="2021-10-27 14:18:31" level=info msg="sql/home/qidian/go/src/goflykefuxitong/models/ipblacks.go:261.13956msSELECT * FROM `ipblack`  WHERE (ip = ?) ORDER BY `ipblack`.`id` ASC LIMIT 1[192.168.110.171] 0"
time="2021-10-27 14:18:31" level=info msg="sql/home/qidian/go/src/goflykefuxitong/models/visitors.go:391.25672msSELECT * FROM `visitor`  WHERE `visitor`.`deleted_at` IS NULL AND ((visitor_id = ?)) ORDER BY `visitor`.`id` ASC LIMIT 1[91490fd0-99bc-4eb6-865a-fce6297babcc] 1"
time="2021-10-27 14:18:31" level=info msg="sql/home/qidian/go/src/goflykefuxitong/models/visitors.go:69690.767µsUPDATE `visitor` SET `status` = ?, `updated_at` = ?  WHERE `visitor`.`deleted_at` IS NULL AND ((visitor_id = ?))[1 2021-10-27 14:18:31.570111489 +0800 CST m=+17.999830053 91490fd0-99bc-4eb6-865a-fce6297babcc] 1"
time="2021-10-27 14:18:31" level=info msg="sql/home/qidian/go/src/goflykefuxitong/models/messages.go:9322.050772msSELECT content FROM `message`  WHERE `message`.`deleted_at` IS NULL AND ((visitor_id=?)) ORDER BY id desc,`message`.`id` ASC LIMIT 1[91490fd0-99bc-4eb6-865a-fce6297babcc] 1"
time="2021-10-27 14:18:31" level=info msg="sql/home/qidian/go/src/goflykefuxitong/models/messages.go:9332.101493msSELECT content FROM `message`  WHERE `message`.`deleted_at` IS NULL AND ((visitor_id=?)) ORDER BY id desc,`message`.`id` ASC LIMIT 1[91490fd0-99bc-4eb6-865a-fce6297babcc] 1"
time="2021-10-27 15:15:26" level=info msg="sql/home/qidian/go/src/goflykefuxitong/models/configs.go:212.354484msSELECT * FROM `config`  [] 13"
time="2021-10-27 15:15:26" level=info msg="sql/home/qidian/go/src/goflykefuxitong/models/visitors.go:6425.57832msSELECT * FROM `visitor`  WHERE `visitor`.`deleted_at` IS NULL AND ((status = ?))[1] 1"
time="2021-10-27 15:15:26" level=info msg="sql/home/qidian/go/src/goflykefuxitong/models/visitors.go:691.190813msUPDATE `visitor` SET `status` = ?, `updated_at` = ?  WHERE `visitor`.`deleted_at` IS NULL AND ((visitor_id = ?))[0 2021-10-27 15:15:26.908910986 +0800 CST m=+0.259981486 91490fd0-99bc-4eb6-865a-fce6297babcc] 1"
time="2021-10-27 15:15:26" level=info msg="start server...\r\ngo：http://0.0.0.0:8081"
time="2021-10-27 15:16:26" level=info msg="sql/home/qidian/go/src/goflykefuxitong/models/visitors.go:641.721366msSELECT * FROM `visitor`  WHERE `visitor`.`deleted_at` IS NULL AND ((status = ?))[1] 0"
time="2021-10-27 15:17:26" level=info msg="sql/home/qidian/go/src/goflykefuxitong/models/visitors.go:641.949372msSELECT * FROM `visitor`  WHERE `visitor`.`deleted_at` IS NULL AND ((status = ?))[1] 0"
time="2021-10-27 15:18:27" level=info msg="sql/home/qidian/go/src/goflykefuxitong/models/visitors.go:641.810759msSELECT * FROM `visitor`  WHERE `visitor`.`deleted_at` IS NULL AND ((status = ?))[1] 0"
time="2021-10-27 15:19:27" level=info msg="sql/home/qidian/go/src/goflykefuxitong/models/visitors.go:641.942954msSELECT * FROM `visitor`  WHERE `visitor`.`deleted_at` IS NULL AND ((status = ?))[1] 0"
time="2021-10-27 15:20:27" level=info msg="sql/home/qidian/go/src/goflykefuxitong/models/visitors.go:641.547275msSELECT * FROM `visitor`  WHERE `visitor`.`deleted_at` IS NULL AND ((status = ?))[1] 0"
time="2021-10-27 15:21:27" level=info msg="sql/home/qidian/go/src/goflykefuxitong/models/visitors.go:641.383542msSELECT * FROM `visitor`  WHERE `visitor`.`deleted_at` IS NULL AND ((status = ?))[1] 0"
time="2021-10-27 15:22:27" level=info msg="sql/home/qidian/go/src/goflykefuxitong/models/visitors.go:641.733514msSELECT * FROM `visitor`  WHERE `visitor`.`deleted_at` IS NULL AND ((status = ?))[1] 0"
time="2021-10-27 15:23:27" level=info msg="sql/home/qidian/go/src/goflykefuxitong/models/visitors.go:641.381432msSELECT * FROM `visitor`  WHERE `visitor`.`deleted_at` IS NULL AND ((status = ?))[1] 0"
time="2021-10-27 15:24:27" level=info msg="sql/home/qidian/go/src/goflykefuxitong/models/visitors.go:641.334169msSELECT * FROM `visitor`  WHERE `visitor`.`deleted_at` IS NULL AND ((status = ?))[1] 0"
time="2021-10-27 15:25:27" level=info msg="sql/home/qidian/go/src/goflykefuxitong/models/visitors.go:641.378612msSELECT * FROM `visitor`  WHERE `visitor`.`deleted_at` IS NULL AND ((status = ?))[1] 0"
time="2021-10-27 15:26:27" level=info msg="sql/home/qidian/go/src/goflykefuxitong/models/visitors.go:642.094389msSELECT * FROM `visitor`  WHERE `visitor`.`deleted_at` IS NULL AND ((status = ?))[1] 0"
time="2021-10-27 15:27:27" level=info msg="sql/home/qidian/go/src/goflykefuxitong/models/visitors.go:641.598902msSELECT * FROM `visitor`  WHERE `visitor`.`deleted_at` IS NULL AND ((status = ?))[1] 0"
time="2021-10-27 15:28:27" level=info msg="sql/home/qidian/go/src/goflykefuxitong/models/visitors.go:642.091804msSELECT * FROM `visitor`  WHERE `visitor`.`deleted_at` IS NULL AND ((status = ?))[1] 0"
time="2021-10-27 15:29:27" level=info msg="sql/home/qidian/go/src/goflykefuxitong/models/visitors.go:641.809918msSELECT * FROM `visitor`  WHERE `visitor`.`deleted_at` IS NULL AND ((status = ?))[1] 0"
time="2021-10-27 15:30:27" level=info msg="sql/home/qidian/go/src/goflykefuxitong/models/visitors.go:641.576827msSELECT * FROM `visitor`  WHERE `visitor`.`deleted_at` IS NULL AND ((status = ?))[1] 0"
time="2021-10-27 15:31:27" level=info msg="sql/home/qidian/go/src/goflykefuxitong/models/visitors.go:641.765113msSELECT * FROM `visitor`  WHERE `visitor`.`deleted_at` IS NULL AND ((status = ?))[1] 0"
time="2021-10-27 15:32:27" level=info msg="sql/home/qidian/go/src/goflykefuxitong/models/visitors.go:641.25832msSELECT * FROM `visitor`  WHERE `visitor`.`deleted_at` IS NULL AND ((status = ?))[1] 0"
time="2021-10-27 15:33:27" level=info msg="sql/home/qidian/go/src/goflykefuxitong/models/visitors.go:641.594364msSELECT * FROM `visitor`  WHERE `visitor`.`deleted_at` IS NULL AND ((status = ?))[1] 0"
time="2021-10-27 15:34:27" level=info msg="sql/home/qidian/go/src/goflykefuxitong/models/visitors.go:641.551885msSELECT * FROM `visitor`  WHERE `visitor`.`deleted_at` IS NULL AND ((status = ?))[1] 0"
time="2021-10-27 15:35:27" level=info msg="sql/home/qidian/go/src/goflykefuxitong/models/visitors.go:642.292091msSELECT * FROM `visitor`  WHERE `visitor`.`deleted_at` IS NULL AND ((status = ?))[1] 0"
time="2021-10-27 15:36:27" level=info msg="sql/home/qidian/go/src/goflykefuxitong/models/visitors.go:641.569269msSELECT * FROM `visitor`  WHERE `visitor`.`deleted_at` IS NULL AND ((status = ?))[1] 0"
time="2021-10-27 15:37:27" level=info msg="sql/home/qidian/go/src/goflykefuxitong/models/visitors.go:642.008834msSELECT * FROM `visitor`  WHERE `visitor`.`deleted_at` IS NULL AND ((status = ?))[1] 0"
time="2021-10-27 15:38:27" level=info msg="sql/home/qidian/go/src/goflykefuxitong/models/visitors.go:641.197005msSELECT * FROM `visitor`  WHERE `visitor`.`deleted_at` IS NULL AND ((status = ?))[1] 0"
time="2021-10-27 15:39:27" level=info msg="sql/home/qidian/go/src/goflykefuxitong/models/visitors.go:641.840463msSELECT * FROM `visitor`  WHERE `visitor`.`deleted_at` IS NULL AND ((status = ?))[1] 0"
time="2021-10-27 15:40:27" level=info msg="sql/home/qidian/go/src/goflykefuxitong/models/visitors.go:641.352632msSELECT * FROM `visitor`  WHERE `visitor`.`deleted_at` IS NULL AND ((status = ?))[1] 0"
time="2021-10-27 15:41:27" level=info msg="sql/home/qidian/go/src/goflykefuxitong/models/visitors.go:641.77453msSELECT * FROM `visitor`  WHERE `visitor`.`deleted_at` IS NULL AND ((status = ?))[1] 0"
time="2021-10-27 15:42:27" level=info msg="sql/home/qidian/go/src/goflykefuxitong/models/visitors.go:641.942861msSELECT * FROM `visitor`  WHERE `visitor`.`deleted_at` IS NULL AND ((status = ?))[1] 0"
time="2021-10-27 15:43:27" level=info msg="sql/home/qidian/go/src/goflykefuxitong/models/visitors.go:641.84976msSELECT * FROM `visitor`  WHERE `visitor`.`deleted_at` IS NULL AND ((status = ?))[1] 0"
time="2021-10-27 15:44:27" level=info msg="sql/home/qidian/go/src/goflykefuxitong/models/visitors.go:641.758864msSELECT * FROM `visitor`  WHERE `visitor`.`deleted_at` IS NULL AND ((status = ?))[1] 0"
time="2021-10-27 15:45:27" level=info msg="sql/home/qidian/go/src/goflykefuxitong/models/visitors.go:641.709927msSELECT * FROM `visitor`  WHERE `visitor`.`deleted_at` IS NULL AND ((status = ?))[1] 0"
time="2021-10-27 15:46:27" level=info msg="sql/home/qidian/go/src/goflykefuxitong/models/visitors.go:642.026719msSELECT * FROM `visitor`  WHERE `visitor`.`deleted_at` IS NULL AND ((status = ?))[1] 0"
time="2021-10-27 15:47:27" level=info msg="sql/home/qidian/go/src/goflykefuxitong/models/visitors.go:641.860617msSELECT * FROM `visitor`  WHERE `visitor`.`deleted_at` IS NULL AND ((status = ?))[1] 0"
time="2021-10-27 15:48:27" level=info msg="sql/home/qidian/go/src/goflykefuxitong/models/visitors.go:641.298992msSELECT * FROM `visitor`  WHERE `visitor`.`deleted_at` IS NULL AND ((status = ?))[1] 0"
time="2021-10-27 15:49:27" level=info msg="sql/home/qidian/go/src/goflykefuxitong/models/visitors.go:642.15199msSELECT * FROM `visitor`  WHERE `visitor`.`deleted_at` IS NULL AND ((status = ?))[1] 0"
time="2021-10-27 15:50:27" level=info msg="sql/home/qidian/go/src/goflykefuxitong/models/visitors.go:641.719028msSELECT * FROM `visitor`  WHERE `visitor`.`deleted_at` IS NULL AND ((status = ?))[1] 0"
time="2021-10-27 15:51:27" level=info msg="sql/home/qidian/go/src/goflykefuxitong/models/visitors.go:642.025187msSELECT * FROM `visitor`  WHERE `visitor`.`deleted_at` IS NULL AND ((status = ?))[1] 0"
time="2021-10-27 15:52:27" level=info msg="sql/home/qidian/go/src/goflykefuxitong/models/visitors.go:641.790688msSELECT * FROM `visitor`  WHERE `visitor`.`deleted_at` IS NULL AND ((status = ?))[1] 0"
time="2021-10-27 15:53:27" level=info msg="sql/home/qidian/go/src/goflykefuxitong/models/visitors.go:641.96865msSELECT * FROM `visitor`  WHERE `visitor`.`deleted_at` IS NULL AND ((status = ?))[1] 0"
time="2021-10-27 15:54:27" level=info msg="sql/home/qidian/go/src/goflykefuxitong/models/visitors.go:642.240836msSELECT * FROM `visitor`  WHERE `visitor`.`deleted_at` IS NULL AND ((status = ?))[1] 0"
time="2021-10-27 15:55:27" level=info msg="sql/home/qidian/go/src/goflykefuxitong/models/visitors.go:642.228762msSELECT * FROM `visitor`  WHERE `visitor`.`deleted_at` IS NULL AND ((status = ?))[1] 0"
time="2021-10-27 15:56:27" level=info msg="sql/home/qidian/go/src/goflykefuxitong/models/visitors.go:641.912213msSELECT * FROM `visitor`  WHERE `visitor`.`deleted_at` IS NULL AND ((status = ?))[1] 0"
time="2021-10-27 15:57:27" level=info msg="sql/home/qidian/go/src/goflykefuxitong/models/visitors.go:641.473328msSELECT * FROM `visitor`  WHERE `visitor`.`deleted_at` IS NULL AND ((status = ?))[1] 0"
